<?xml version="1.0" encoding="UTF-8"?>
<!-- Generated by org.testng.reporters.JUnitXMLReporter -->
<testsuite ignored="0" hostname="C0TDJG3" failures="1" tests="1" name="Default test" time="9.015" errors="0" timestamp="2023-04-20T12:22:23 IST">
  <testcase classname="io.cucumber.testng.AbstractTestNGCucumberTests" name="runScenario" time="8.538">
    <failure type="io.cucumber.java.PendingException" message="TODO: implement me">
      <![CDATA[io.cucumber.java.PendingException: TODO: implement me
at StepDefinitions.DeleteIssue.user_clicks_on_a_issue_id_to_delete(DeleteIssue.java:48)
at ✽.User clicks on a issue id to delete(file:///C:/Users/sahildjindal/Documents/SDET%20Learning/GroupProject1/groupone/Features/CdeleteIssue.feature:23)
]]>
    </failure>
  </testcase> <!-- runScenario -->
</testsuite> <!-- Default test -->
